<?xml version="1.0" encoding="UTF-8"?>
<testng-results ignored="0" total="2" passed="2" failed="0" skipped="0">
  <reporter-output>
  </reporter-output>
  <suite started-at="2023-07-03T19:20:24 IST" name="Default suite" finished-at="2023-07-03T19:20:41 IST" duration-ms="16280">
    <groups>
    </groups>
    <test started-at="2023-07-03T19:20:24 IST" name="Default test" finished-at="2023-07-03T19:20:41 IST" duration-ms="16280">
      <class name="runner_Script.Runner2">
        <test-method is-config="true" signature="openApp()[pri:0, instance:runner_Script.Runner2@6cfcd46d]" started-at="2023-07-03T19:20:24 IST" name="openApp" finished-at="2023-07-03T19:20:28 IST" duration-ms="3086" status="PASS">
          <reporter-output>
          </reporter-output>
        </test-method> <!-- openApp -->
        <test-method signature="fb(java.lang.String,java.lang.String)[pri:0, instance:runner_Script.Runner2@6cfcd46d]" started-at="2023-07-03T19:20:28 IST" name="fb" data-provider="testdata" finished-at="2023-07-03T19:20:33 IST" duration-ms="5344" status="PASS">
          <params>
            <param index="0">
              <value>
                <![CDATA[Sushant]]>
              </value>
            </param>
            <param index="1">
              <value>
                <![CDATA[Sgdks1]]>
              </value>
            </param>
          </params>
          <reporter-output>
          </reporter-output>
        </test-method> <!-- fb -->
        <test-method is-config="true" signature="closeApp(org.testng.ITestResult)[pri:0, instance:runner_Script.Runner2@6cfcd46d]" started-at="2023-07-03T19:20:33 IST" name="closeApp" finished-at="2023-07-03T19:20:33 IST" duration-ms="484" status="PASS">
          <params>
            <param index="0">
              <value>
                <![CDATA[[TestResult name=fb status=SUCCESS method=Runner2.fb(java.lang.String,java.lang.String)[pri:0, instance:runner_Script.Runner2@6cfcd46d] output={null}]]]>
              </value>
            </param>
          </params>
          <reporter-output>
          </reporter-output>
        </test-method> <!-- closeApp -->
        <test-method is-config="true" signature="openApp()[pri:0, instance:runner_Script.Runner2@6cfcd46d]" started-at="2023-07-03T19:20:33 IST" name="openApp" finished-at="2023-07-03T19:20:36 IST" duration-ms="2296" status="PASS">
          <reporter-output>
          </reporter-output>
        </test-method> <!-- openApp -->
        <test-method signature="fb(java.lang.String,java.lang.String)[pri:0, instance:runner_Script.Runner2@6cfcd46d]" started-at="2023-07-03T19:20:36 IST" name="fb" data-provider="testdata" finished-at="2023-07-03T19:20:40 IST" duration-ms="4528" status="PASS">
          <params>
            <param index="0">
              <value>
                <![CDATA[Singh]]>
              </value>
            </param>
            <param index="1">
              <value>
                <![CDATA[Sjflkej123]]>
              </value>
            </param>
          </params>
          <reporter-output>
          </reporter-output>
        </test-method> <!-- fb -->
        <test-method is-config="true" signature="closeApp(org.testng.ITestResult)[pri:0, instance:runner_Script.Runner2@6cfcd46d]" started-at="2023-07-03T19:20:40 IST" name="closeApp" finished-at="2023-07-03T19:20:41 IST" duration-ms="476" status="PASS">
          <params>
            <param index="0">
              <value>
                <![CDATA[[TestResult name=fb status=SUCCESS method=Runner2.fb(java.lang.String,java.lang.String)[pri:0, instance:runner_Script.Runner2@6cfcd46d] output={null}]]]>
              </value>
            </param>
          </params>
          <reporter-output>
          </reporter-output>
        </test-method> <!-- closeApp -->
      </class> <!-- runner_Script.Runner2 -->
    </test> <!-- Default test -->
  </suite> <!-- Default suite -->
</testng-results>
